<?xml version="1.0" encoding="UTF-8"?>
<!-- Generated by org.testng.reporters.JUnitXMLReporter -->
<testsuite ignored="0" hostname="DESKTOP-E2Q9IH9" failures="0" tests="2" name="Default test" time="21.035" errors="0" timestamp="2024-01-10T11:45:19 IST">
  <testcase classname="com.testcases.SearchTest" name="verify_AutoSuggestionList" time="2.877"/>
  <testcase classname="com.testcases.SearchTest" name="verify_SelectedProductAndOpenedProductMatches" time="4.36"/>
</testsuite> <!-- Default test -->
