<?xml version="1.0" encoding="UTF-8"?>
<!-- Generated by org.testng.reporters.JUnitXMLReporter -->
<testsuite ignored="0" hostname="DESKTOP-E2Q9IH9" failures="0" tests="2" name="Default test" time="30.727" errors="0" timestamp="2024-01-09T00:21:55 IST">
  <testcase classname="com.testcases.SearchTest" name="verify_AutoSuggestionList" time="4.294"/>
  <testcase classname="com.testcases.SearchTest" name="verify_SelectedProductAndOpenedProductMatches" time="8.065"/>
</testsuite> <!-- Default test -->
