<?xml version="1.0" encoding="UTF-8"?>
<testng-results ignored="0" total="1" passed="1" failed="0" skipped="0">
  <reporter-output>
  </reporter-output>
  <suite started-at="2024-01-07T01:54:41 IST" name="Default suite" finished-at="2024-01-07T01:54:54 IST" duration-ms="13552">
    <groups>
    </groups>
    <test started-at="2024-01-07T01:54:41 IST" name="Default test" finished-at="2024-01-07T01:54:54 IST" duration-ms="13552">
      <class name="com.testcases.Logintest">
        <test-method is-config="true" signature="Setup()[pri:0, instance:com.testcases.Logintest@77fbd92c]" started-at="2024-01-07T01:54:41 IST" name="Setup" finished-at="2024-01-07T01:54:50 IST" duration-ms="9585" status="PASS">
          <reporter-output>
          </reporter-output>
        </test-method> <!-- Setup -->
        <test-method signature="verifyLogin()[pri:0, instance:com.testcases.Logintest@77fbd92c]" started-at="2024-01-07T01:54:50 IST" name="verifyLogin" finished-at="2024-01-07T01:54:54 IST" duration-ms="3845" status="PASS">
          <reporter-output>
          </reporter-output>
        </test-method> <!-- verifyLogin -->
        <test-method is-config="true" signature="tearDown()[pri:0, instance:com.testcases.Logintest@77fbd92c]" started-at="2024-01-07T01:54:54 IST" name="tearDown" finished-at="2024-01-07T01:54:54 IST" duration-ms="1" status="PASS">
          <reporter-output>
          </reporter-output>
        </test-method> <!-- tearDown -->
      </class> <!-- com.testcases.Logintest -->
    </test> <!-- Default test -->
  </suite> <!-- Default suite -->
</testng-results>
