<?xml version="1.0" encoding="UTF-8"?>
<testng-results ignored="0" total="2" passed="2" failed="0" skipped="0">
  <reporter-output>
  </reporter-output>
  <suite started-at="2024-01-09T00:21:25 IST" name="Default suite" finished-at="2024-01-09T00:21:55 IST" duration-ms="30727">
    <groups>
    </groups>
    <test started-at="2024-01-09T00:21:25 IST" name="Default test" finished-at="2024-01-09T00:21:55 IST" duration-ms="30727">
      <class name="com.testcases.SearchTest">
        <test-method is-config="true" signature="setup()[pri:0, instance:com.testcases.SearchTest@1a482e36]" started-at="2024-01-09T00:21:25 IST" name="setup" finished-at="2024-01-09T00:21:36 IST" duration-ms="10738" status="PASS">
          <reporter-output>
          </reporter-output>
        </test-method> <!-- setup -->
        <test-method signature="verify_AutoSuggestionList()[pri:1, instance:com.testcases.SearchTest@1a482e36]" started-at="2024-01-09T00:21:36 IST" name="verify_AutoSuggestionList" finished-at="2024-01-09T00:21:40 IST" duration-ms="4294" status="PASS">
          <reporter-output>
          </reporter-output>
        </test-method> <!-- verify_AutoSuggestionList -->
        <test-method is-config="true" signature="teardown()[pri:0, instance:com.testcases.SearchTest@1a482e36]" started-at="2024-01-09T00:21:40 IST" name="teardown" finished-at="2024-01-09T00:21:40 IST" duration-ms="342" status="PASS">
          <reporter-output>
          </reporter-output>
        </test-method> <!-- teardown -->
        <test-method is-config="true" signature="setup()[pri:0, instance:com.testcases.SearchTest@1a482e36]" started-at="2024-01-09T00:21:40 IST" name="setup" finished-at="2024-01-09T00:21:47 IST" duration-ms="6837" status="PASS">
          <reporter-output>
          </reporter-output>
        </test-method> <!-- setup -->
        <test-method signature="verify_SelectedProductAndOpenedProductMatches()[pri:2, instance:com.testcases.SearchTest@1a482e36]" started-at="2024-01-09T00:21:47 IST" name="verify_SelectedProductAndOpenedProductMatches" finished-at="2024-01-09T00:21:55 IST" duration-ms="8065" status="PASS">
          <reporter-output>
          </reporter-output>
        </test-method> <!-- verify_SelectedProductAndOpenedProductMatches -->
        <test-method is-config="true" signature="teardown()[pri:0, instance:com.testcases.SearchTest@1a482e36]" started-at="2024-01-09T00:21:55 IST" name="teardown" finished-at="2024-01-09T00:21:55 IST" duration-ms="305" status="PASS">
          <reporter-output>
          </reporter-output>
        </test-method> <!-- teardown -->
      </class> <!-- com.testcases.SearchTest -->
    </test> <!-- Default test -->
  </suite> <!-- Default suite -->
</testng-results>
